<?xml version="1.0" encoding="UTF-8" ?>
<testsuite failures="0" time="129.856" errors="0" skipped="0" tests="15" name="TestSuite">
  <properties>
    <property name="java.runtime.name" value="Java(TM) SE Runtime Environment"/>
    <property name="sun.boot.library.path" value="C:\Program Files\Java\jdk1.7.0_03\jre\bin"/>
    <property name="java.vm.version" value="22.1-b02"/>
    <property name="user.country.format" value="PL"/>
    <property name="java.vm.vendor" value="Oracle Corporation"/>
    <property name="java.vendor.url" value="http://java.oracle.com/"/>
    <property name="path.separator" value=";"/>
    <property name="guice.disable.misplaced.annotation.check" value="true"/>
    <property name="java.vm.name" value="Java HotSpot(TM) Client VM"/>
    <property name="file.encoding.pkg" value="sun.io"/>
    <property name="idea.launcher.port" value="7533"/>
    <property name="user.script" value=""/>
    <property name="user.country" value="US"/>
    <property name="sun.java.launcher" value="SUN_STANDARD"/>
    <property name="sun.os.patch.level" value="Service Pack 1"/>
    <property name="java.vm.specification.name" value="Java Virtual Machine Specification"/>
    <property name="user.dir" value="G:\google-search-test\google-search-test"/>
    <property name="java.runtime.version" value="1.7.0_03-b05"/>
    <property name="java.awt.graphicsenv" value="sun.awt.Win32GraphicsEnvironment"/>
    <property name="java.endorsed.dirs" value="C:\Program Files\Java\jdk1.7.0_03\jre\lib\endorsed"/>
    <property name="os.arch" value="x86"/>
    <property name="java.io.tmpdir" value="C:\Users\Wojtas\AppData\Local\Temp\"/>
    <property name="line.separator" value="
"/>
    <property name="java.vm.specification.vendor" value="Oracle Corporation"/>
    <property name="user.variant" value=""/>
    <property name="os.name" value="Windows Vista"/>
    <property name="classworlds.conf" value="C:\Program Files\Maven\apache-maven-3.0.4\bin\m2.conf"/>
    <property name="sun.jnu.encoding" value="Cp1250"/>
    <property name="java.library.path" value="C:\Program Files\Java\jdk1.7.0_03\bin;C:\Windows\Sun\Java\bin;C:\Windows\system32;C:\Windows;C:\Program Files\JetBrains\IntelliJ IDEA Community Edition 12.1.4\bin\..\.\bin;C:\Program Files\Java\jdk1.7.0_03\bin;C:\Perl\site\bin;C:\Perl\bin;C:\Windows\system32;C:\Windows;C:\Windows\System32\Wbem;C:\Program Files\Common Files\Roxio Shared\9.0\DLLShared\;C:\Program Files\Common Files\Roxio Shared\10.0\DLLShared\;C:\Program Files\Common Files\Roxio Shared\DLLShared\;C:\Program Files\Common Files\Roxio Shared\10.0\DLLShared\;C:\Program Files\ATI Technologies\ATI.ACE\Core-Static;C:\Program Files\Maven\apache-maven-3.0.4\bin;c:\program files\jetbrains\intellij idea community edition 12.1.4\jre\jre\bin;."/>
    <property name="java.specification.name" value="Java Platform API Specification"/>
    <property name="java.class.version" value="51.0"/>
    <property name="sun.management.compiler" value="HotSpot Client Compiler"/>
    <property name="os.version" value="6.0"/>
    <property name="user.home" value="C:\Users\Wojtas"/>
    <property name="user.timezone" value="Europe/Belgrade"/>
    <property name="java.awt.printerjob" value="sun.awt.windows.WPrinterJob"/>
    <property name="java.specification.version" value="1.7"/>
    <property name="idea.launcher.bin.path" value="C:\Program Files\JetBrains\IntelliJ IDEA Community Edition 12.1.4\bin"/>
    <property name="file.encoding" value="UTF-8"/>
    <property name="user.name" value="Wojtas"/>
    <property name="java.class.path" value="C:\Program Files\Maven\apache-maven-3.0.4\boot\plexus-classworlds-2.4.jar;C:\Program Files\JetBrains\IntelliJ IDEA Community Edition 12.1.4\lib\idea_rt.jar"/>
    <property name="java.vm.specification.version" value="1.7"/>
    <property name="sun.arch.data.model" value="32"/>
    <property name="java.home" value="C:\Program Files\Java\jdk1.7.0_03\jre"/>
    <property name="sun.java.command" value="com.intellij.rt.execution.application.AppMain org.codehaus.classworlds.Launcher --fail-fast --strict-checksums test"/>
    <property name="java.specification.vendor" value="Oracle Corporation"/>
    <property name="user.language" value="en"/>
    <property name="user.language.format" value="pl"/>
    <property name="awt.toolkit" value="sun.awt.windows.WToolkit"/>
    <property name="java.vm.info" value="mixed mode, sharing"/>
    <property name="java.version" value="1.7.0_03"/>
    <property name="java.ext.dirs" value="C:\Program Files\Java\jdk1.7.0_03\jre\lib\ext;C:\Windows\Sun\Java\lib\ext"/>
    <property name="sun.boot.class.path" value="C:\Program Files\Java\jdk1.7.0_03\jre\lib\resources.jar;C:\Program Files\Java\jdk1.7.0_03\jre\lib\rt.jar;C:\Program Files\Java\jdk1.7.0_03\jre\lib\sunrsasign.jar;C:\Program Files\Java\jdk1.7.0_03\jre\lib\jsse.jar;C:\Program Files\Java\jdk1.7.0_03\jre\lib\jce.jar;C:\Program Files\Java\jdk1.7.0_03\jre\lib\charsets.jar;C:\Program Files\Java\jdk1.7.0_03\jre\classes"/>
    <property name="java.vendor" value="Oracle Corporation"/>
    <property name="maven.home" value="C:\Program Files\Maven\apache-maven-3.0.4"/>
    <property name="file.separator" value="\"/>
    <property name="java.vendor.url.bug" value="http://bugreport.sun.com/bugreport/"/>
    <property name="sun.cpu.endian" value="little"/>
    <property name="sun.io.unicode.encoding" value="UnicodeLittle"/>
    <property name="sun.desktop" value="windows"/>
    <property name="sun.cpu.isalist" value="pentium_pro+mmx pentium_pro pentium+mmx pentium i486 i386 i86"/>
  </properties>
  <testcase time="2.023" classname="pl.agagra.google.tests.GoogleSearchTest" name="cookieWarningShouldNotReapprearAfterPageReload"/>
  <testcase time="0.41" classname="pl.agagra.google.tests.GoogleSearchTest" name="emptySearchShouldDoNothing"/>
  <testcase time="4.486" classname="pl.agagra.google.tests.GoogleSearchTest" name="exclusionOperatorShouldWork"/>
  <testcase time="0.375" classname="pl.agagra.google.tests.GoogleSearchTest" name="nonIndexedPhrasesShouldNotGiveAnyResults"/>
  <testcase time="1.256" classname="pl.agagra.google.tests.GoogleSearchTest" name="searchForUrlShouldGiveThePageOnFirstPosition"/>
  <testcase time="0.184" classname="pl.agagra.google.tests.GoogleSearchTest" name="shouldBePossibleToLoadSearchPage"/>
  <testcase time="1.276" classname="pl.agagra.google.tests.GoogleSearchTest" name="shouldBePossibleToSearchForEnglishNouns"/>
  <testcase time="1.237" classname="pl.agagra.google.tests.GoogleSearchTest" name="shouldBePossibleToSearchForEnglishNouns"/>
  <testcase time="1.351" classname="pl.agagra.google.tests.GoogleSearchTest" name="shouldBePossibleToSearchForEnglishNouns"/>
  <testcase time="1.257" classname="pl.agagra.google.tests.GoogleSearchTest" name="shouldBePossibleToSearchForEnglishNouns"/>
  <testcase time="1.31" classname="pl.agagra.google.tests.GoogleSearchTest" name="shouldBePossibleToSearchForEnglishNouns"/>
  <testcase time="0.966" classname="pl.agagra.google.tests.GoogleSearchTest" name="shouldBePossibleToSearchForEnglishNouns"/>
  <testcase time="4.977" classname="pl.agagra.google.tests.GoogleSearchTest" name="shouldBePossibleToSelectSuggestionsFromDropdown"/>
  <testcase time="1.31" classname="pl.agagra.google.tests.GoogleSearchTest" name="shouldSuggestCorrectSearchForMisspelledPhrases"/>
  <testcase time="1.945" classname="pl.agagra.google.tests.GoogleSearchTest" name="tooLongPhrasesShouldGiveWarnings"/>
</testsuite>