<?xml version="1.0" encoding="UTF-8"?>
<!-- Generated by org.testng.reporters.JUnitReportReporter -->
<testsuite hostname="LaptopWojtas" name="pl.agagra.google.tests.GoogleSearchTest" tests="15" failures="0" timestamp="20 Dec 2013 21:57:26 GMT" time="128.339" errors="0">
  <testcase name="shouldBePossibleToSearchForEnglishNouns" time="7.836" classname="pl.agagra.google.tests.GoogleSearchTest"/>
  <testcase name="nonIndexedPhrasesShouldNotGiveAnyResults" time="7.953" classname="pl.agagra.google.tests.GoogleSearchTest"/>
  <testcase name="exclusionOperatorShouldWork" time="11.972" classname="pl.agagra.google.tests.GoogleSearchTest"/>
  <testcase name="cookieWarningShouldNotReapprearAfterPageReload" time="8.705" classname="pl.agagra.google.tests.GoogleSearchTest"/>
  <testcase name="shouldBePossibleToSelectSuggestionsFromDropdown" time="11.677" classname="pl.agagra.google.tests.GoogleSearchTest"/>
  <testcase name="shouldSuggestCorrectSearchForMisspelledPhrases" time="7.950" classname="pl.agagra.google.tests.GoogleSearchTest"/>
  <testcase name="shouldBePossibleToSearchForEnglishNouns" time="7.966" classname="pl.agagra.google.tests.GoogleSearchTest"/>
  <testcase name="searchForUrlShouldGiveThePageOnFirstPosition" time="7.619" classname="pl.agagra.google.tests.GoogleSearchTest"/>
  <testcase name="shouldBePossibleToSearchForEnglishNouns" time="9.266" classname="pl.agagra.google.tests.GoogleSearchTest"/>
  <testcase name="shouldBePossibleToSearchForEnglishNouns" time="7.600" classname="pl.agagra.google.tests.GoogleSearchTest"/>
  <testcase name="shouldBePossibleToSearchForEnglishNouns" time="7.999" classname="pl.agagra.google.tests.GoogleSearchTest"/>
  <testcase name="tooLongPhrasesShouldGiveWarnings" time="8.722" classname="pl.agagra.google.tests.GoogleSearchTest"/>
  <testcase name="shouldBePossibleToLoadSearchPage" time="6.731" classname="pl.agagra.google.tests.GoogleSearchTest"/>
  <testcase name="emptySearchShouldDoNothing" time="7.133" classname="pl.agagra.google.tests.GoogleSearchTest"/>
  <testcase name="shouldBePossibleToSearchForEnglishNouns" time="9.210" classname="pl.agagra.google.tests.GoogleSearchTest"/>
</testsuite> <!-- pl.agagra.google.tests.GoogleSearchTest -->
